TTLocalizer: Running in language: English
OTPLocalizer: Running in language: English
Preloading suits...
Preloading Toon heads...
Preloading avatars...
{401000001: <toontown.distributed.ToontownDistrict.ToontownDistrict instance at 0x22377AA8>}
__handleAvatarChooserDone: 100000016, 'Flippy', ('dss', 'ms', 'm', 'm', (0.34, 0.82, 0.95, 1.0), (1.0, 1.0, 1.0, 1.0), (0.34, 0.82, 0.95, 1.0), (0.34, 0.82, 0.95, 1.0), 3, 3, 3, 3, 7, 2), 0
entered wait for zone redirect
entered wait for set zone response - 2
Reading DNA file... phase_4/dna/storage.pdna
Reading DNA file... phase_3.5/dna/storage_interior.pdna
Reading DNA file... phase_8/dna/storage_BR.pdna
Reading DNA file... phase_8/dna/storage_BR_sz.pdna
Reading DNA file... phase_8/dna/the_burrrgh_sz.pdna
entered wait for zone redirect
entered wait for set zone response - 2
entered wait for zone redirect
entered wait for set zone response - 2
Traceback (most recent call last):
  File "C:\Panda3D-1.10.0\direct\showbase\EventManager.py", line 52, in eventLoopTask
    self.doEvents()
  File "C:\Panda3D-1.10.0\direct\showbase\EventManager.py", line 46, in doEvents
    processFunc(self.eventQueue.dequeueEvent())
  File "C:\Panda3D-1.10.0\direct\showbase\EventManager.py", line 103, in processEvent
    messenger.send(eventName, paramList)
  File "C:\Panda3D-1.10.0\direct\showbase\Messenger.py", line 326, in send
    self.__dispatch(acceptorDict, event, sentArgs, foundWatch)
  File "C:\Panda3D-1.10.0\direct\showbase\Messenger.py", line 411, in __dispatch
    method (*(extraArgs + sentArgs))
  File "C:\Panda3D-1.10.0\direct\gui\DirectButton.py", line 103, in commandFunc
    apply(self['command'], self['extraArgs'])
  File "toontown\shtiker\ShtikerBook.py", line 183, in goToPage
    self.setPage(page)
  File "toontown\shtiker\ShtikerBook.py", line 284, in setPage
    page.enter()
  File "toontown\shtiker\SuitPage.py", line 244, in enter
    self.updatePage()
  File "toontown\shtiker\SuitPage.py", line 512, in updatePage
    self.updateCogStatus(dept, type, cogs[index])
  File "toontown\shtiker\SuitPage.py", line 540, in updateCogStatus
    self.setPanelStatus(panel, COG_DEFEATED)
  File "toontown\shtiker\SuitPage.py", line 493, in setPanelStatus
    info = TTLocalizer.SuitPageAttackFormat % (level + 1, level + 5, self.getAttackStrings(groupAttacks), self.getAttackStrings(singleAttacks))
  File "toontown\shtiker\SuitPage.py", line 499, in getAttackStrings
    string = '\n'.join(['%s %s' % (TTLocalizer.SuitAttackNames[attack[0]], '-'.join(str(x) for x in attack[1])) for attack in attacks])
KeyError: 'FoundtainPen'
Traceback (most recent call last):
  File "otp\otpbase\OTPBase.py", line 34, in run
    taskMgr.run()
  File "C:\Panda3D-1.10.0\direct\task\Task.py", line 508, in run
    self.step()
  File "C:\Panda3D-1.10.0\direct\task\Task.py", line 465, in step
    self.mgr.poll()
  File "C:\Panda3D-1.10.0\direct\showbase\EventManager.py", line 52, in eventLoopTask
    self.doEvents()
  File "C:\Panda3D-1.10.0\direct\showbase\EventManager.py", line 46, in doEvents
    processFunc(self.eventQueue.dequeueEvent())
  File "C:\Panda3D-1.10.0\direct\showbase\EventManager.py", line 103, in processEvent
    messenger.send(eventName, paramList)
  File "C:\Panda3D-1.10.0\direct\showbase\Messenger.py", line 326, in send
    self.__dispatch(acceptorDict, event, sentArgs, foundWatch)
  File "C:\Panda3D-1.10.0\direct\showbase\Messenger.py", line 411, in __dispatch
    method (*(extraArgs + sentArgs))
  File "C:\Panda3D-1.10.0\direct\gui\DirectButton.py", line 103, in commandFunc
    apply(self['command'], self['extraArgs'])
  File "toontown\shtiker\ShtikerBook.py", line 183, in goToPage
    self.setPage(page)
  File "toontown\shtiker\ShtikerBook.py", line 284, in setPage
    page.enter()
  File "toontown\shtiker\SuitPage.py", line 244, in enter
    self.updatePage()
  File "toontown\shtiker\SuitPage.py", line 512, in updatePage
    self.updateCogStatus(dept, type, cogs[index])
  File "toontown\shtiker\SuitPage.py", line 540, in updateCogStatus
    self.setPanelStatus(panel, COG_DEFEATED)
  File "toontown\shtiker\SuitPage.py", line 493, in setPanelStatus
    info = TTLocalizer.SuitPageAttackFormat % (level + 1, level + 5, self.getAttackStrings(groupAttacks), self.getAttackStrings(singleAttacks))
  File "toontown\shtiker\SuitPage.py", line 499, in getAttackStrings
    string = '\n'.join(['%s %s' % (TTLocalizer.SuitAttackNames[attack[0]], '-'.join(str(x) for x in attack[1])) for attack in attacks])
KeyError: 'FoundtainPen'
