TTLocalizer: Running in language: English
OTPLocalizer: Running in language: English
Preloading suits...
Preloading Toon heads...
Preloading avatars...
{401000001: <toontown.distributed.ToontownDistrict.ToontownDistrict instance at 0x22AC55A8>}
__handleAvatarChooserDone: 100000016, 'Flippy', ('dss', 'ms', 'm', 'm', (0.34, 0.82, 0.95, 1.0), (1.0, 1.0, 1.0, 1.0), (0.34, 0.82, 0.95, 1.0), (0.34, 0.82, 0.95, 1.0), 3, 3, 3, 3, 7, 2), 0
entered wait for zone redirect
entered wait for set zone response - 2
Reading DNA file... phase_4/dna/storage.pdna
Reading DNA file... phase_3.5/dna/storage_interior.pdna
Reading DNA file... phase_8/dna/storage_DG.pdna
Reading DNA file... phase_8/dna/storage_DG_sz.pdna
Reading DNA file... phase_8/dna/daisys_garden_sz.pdna
entered wait for zone redirect
entered wait for set zone response - 2
Reading DNA file... phase_4/dna/storage.pdna
Reading DNA file... phase_3.5/dna/storage_interior.pdna
entered wait for zone redirect
entered wait for set zone response - 2
entered wait for zone redirect
entered wait for set zone response - 2
Laser Field initCollisionGeom
Laser Field initCollisionGeom
CollisionEntry:
  from render/Flippy-100000016/camFloorRayNode/ccRay2Node
  into render/stage401004187/ZoneEntity-0/-PandaNode/LB_Zone03a_egg/Collsion/stageFloorColl0 []
  at 1 -12.2625 -0.0300004
  normal -0.000961985 0.000458579 0.999999
  respect_prev_transform = 0


CollisionEntry:
  from render/Flippy-100000016/camFloorRayNode/ccRay2Node
  into render/stage401004187/LB_connector_7cubeLR.egg/-PandaNode/LB_connector_7cubeLR_egg/collison/stageFloorColl1 []
  at 1 38.4905 0.0939045
  normal 9.26614e-005 -0.421613 0.906776
  respect_prev_transform = 0


CollisionEntry:
  from render/Flippy-100000016/camFloorRayNode/ccRay2Node
  into render/stage401004187/LB_connector_7cubeLR.egg/-PandaNode/LB_connector_7cubeLR_egg/collison/stageFloorColl1 []
  at -3.67638 55.9329 4.95179
  normal 6.5559e-005 0 1
  respect_prev_transform = 0


CollisionEntry:
  from render/Flippy-100000016/camFloorRayNode/ccRay2Node
  into render/stage401004187/ZoneEntity-0/-PandaNode/Z13_ALL/room/collsion/stageFloorColl2 []
  at 26.0226 111.38 4.95065
  normal 0 0 1
  respect_prev_transform = 0


CollisionEntry:
  from render/Flippy-100000016/camFloorRayNode/ccRay2Node
  into render/stage401004187/ZoneEntity-0/-PandaNode/Z13_ALL/room/collsion/stageFloorColl2 []
  at -11.9358 236.263 4.95065
  normal 0 0 1
  respect_prev_transform = 0


CollisionEntry:
  from render/Flippy-100000016/camFloorRayNode/ccRay2Node
  into render/stage401004187/LB_connector_7cubeLR.egg/-PandaNode/LB_connector_7cubeLR_egg/collison/stageFloorColl3 []
  at 28.2328 380.448 4.95257
  normal 0.000133877 0 1
  respect_prev_transform = 0


CollisionEntry:
  from render/Flippy-100000016/camFloorRayNode/ccRay2Node
  into render/stage401004187/LB_connector_7cubeLR.egg/-PandaNode/LB_connector_7cubeLR_egg/collison/stageFloorColl3 []
  at 28.2687 382.953 5.07708
  normal 9.26614e-005 -0.421613 0.906776
  respect_prev_transform = 0


CollisionEntry:
  from render/Flippy-100000016/camFloorRayNode/ccRay2Node
  into render/stage401004187/LB_connector_7cubeLR.egg/-PandaNode/LB_connector_7cubeLR_egg/collison/stageFloorColl3 []
  at 25.393 395.543 9.95178
  normal 6.5559e-005 0 1
  respect_prev_transform = 0


CollisionEntry:
  from render/Flippy-100000016/camFloorRayNode/ccRay2Node
  into render/stage401004187/ZoneEntity-0/-PandaNode/Z07_ALL/stageFloorColl4 []
  at 55.8182 455.6 9.952
  normal 0 0 1
  respect_prev_transform = 0


CollisionEntry:
  from render/Flippy-100000016/camFloorRayNode/ccRay2Node
  into render/stage401004187/LB_connector_7cubeL2.egg/-PandaNode/LB_connector_7cubeL2_egg/collison/stageFloorColl5 []
  at -9.57402 525.629 17.6382
  normal 0 -0.0012142 0.999999
  respect_prev_transform = 0


CollisionEntry:
  from render/Flippy-100000016/camFloorRayNode/ccRay2Node
  into render/stage401004187/LB_connector_7cubeL2.egg/-PandaNode/LB_connector_7cubeL2_egg/collison/stageFloorColl5 []
  at -12.1 525.5 17.8862
  normal 0.420737 -0.00110176 0.907182
  respect_prev_transform = 0


CollisionEntry:
  from render/Flippy-100000016/camFloorRayNode/ccRay2Node
  into render/stage401004187/LB_connector_7cubeL2.egg/-PandaNode/LB_connector_7cubeL2_egg/collison/stageFloorColl5 []
  at -24.7752 526.299 22.629
  normal 0.000218784 -0.000597282 1
  respect_prev_transform = 0


CollisionEntry:
  from render/Flippy-100000016/camFloorRayNode/ccRay2Node
  into render/stage401004187/ZoneEntity-0/-PandaNode/Z13_ALL/room/collsion/stageFloorColl6 []
  at -84.5679 495.173 22.619
  normal 0 0 1
  respect_prev_transform = 0


spec = {'parentEntId': 10000, 'pos': LPoint3f(0, 0, 0)}
h = None
### newVec3 =  LVector3f(1.99997, 6.29996, 1.5)
### newVec3 =  LVector3f(1.99997, 6.29996, 0)
### newVec3 =  LVector3f(1.99997, 6.29996, 0.375)
### newVec3 =  LVector3f(1.99997, 6.29996, 0)
CollisionEntry:
  from render/Flippy-100000016/camFloorRayNode/ccRay2Node
  into render/stage401004187/LB_connector_7cubeL2.egg/-PandaNode/LB_connector_7cubeL2_egg/collison/stageFloorColl7 []
  at -353.843 493.031 22.6349
  normal 0 -0.0012142 0.999999
  respect_prev_transform = 0


CollisionEntry:
  from render/Flippy-100000016/camFloorRayNode/ccRay2Node
  into render/stage401004187/LB_connector_7cubeL2.egg/-PandaNode/LB_connector_7cubeL2_egg/collison/stageFloorColl7 []
  at -356.125 493.031 22.6995
  normal 0.420737 -0.00110176 0.907182
  respect_prev_transform = 0


CollisionEntry:
  from render/Flippy-100000016/camFloorRayNode/ccRay2Node
  into render/stage401004187/LB_connector_7cubeL2.egg/-PandaNode/LB_connector_7cubeL2_egg/collison/stageFloorColl7 []
  at -368.981 493.031 27.6269
  normal 0.000218784 -0.000597282 1
  respect_prev_transform = 0


CollisionEntry:
  from render/Flippy-100000016/camFloorRayNode/ccRay2Node
  into render/stage401004187/ZoneEntity-0/-PandaNode/Z22a/room/collsion/stageFloorColl8 []
  at -429.089 463.122 27.4985
  normal 0 0 1
  respect_prev_transform = 0


spec = {'parentEntId': 10000, 'pos': LPoint3f(0, 0, 0)}
h = None
Laser Field initCollisionGeom
Laser Field initCollisionGeom
CollisionEntry:
  from render/Flippy-100000016/camFloorRayNode/ccRay2Node
  into render/stage401004452/ZoneEntity-0/-PandaNode/LB_Zone03a_egg/Collsion/stageFloorColl0 []
  at -1 -10.2625 -0.0328417
  normal -0.000961985 0.000458579 0.999999
  respect_prev_transform = 0


CollisionEntry:
  from render/Flippy-100000016/camFloorRayNode/ccRay2Node
  into render/stage401004452/LB_connector_7cubeL2.egg/-PandaNode/LB_connector_7cubeL2_egg/collison/stageFloorColl1 []
  at -1 38.3434 0.0775661
  normal -0.00110178 -0.420737 0.907182
  respect_prev_transform = 0


CollisionEntry:
  from render/Flippy-100000016/camFloorRayNode/ccRay2Node
  into render/stage401004452/LB_connector_7cubeL2.egg/-PandaNode/LB_connector_7cubeL2_egg/collison/stageFloorColl1 []
  at -1 42.7486 -0.0317249
  normal -0.0012142 0 0.999999
  respect_prev_transform = 0


CollisionEntry:
  from render/Flippy-100000016/camFloorRayNode/ccRay2Node
  into render/stage401004452/LB_connector_7cubeL2.egg/-PandaNode/LB_connector_7cubeL2_egg/collison/stageFloorColl1 []
  at 0.158725 51.565 4.96017
  normal -0.000597282 -0.000218784 1
  respect_prev_transform = 0


CollisionEntry:
  from render/Flippy-100000016/camFloorRayNode/ccRay2Node
  into render/stage401004452/ZoneEntity-0/-PandaNode/Z08_ALL/Z08/boiler_room/collsion_boiler_room/stageFloorColl2 []
  at -32.3755 112.07 4.93456
  normal 0 0 1
  respect_prev_transform = 0


CollisionEntry:
  from render/Flippy-100000016/camFloorRayNode/ccRay2Node
  into render/stage401004452/ZoneEntity-0/-PandaNode/Z08_ALL/Z08/boiler_room/collsion_boiler_room/stageFloorColl2 []
  at -18.4725 245.207 5.61951
  normal 0 0 1
  respect_prev_transform = 0


CollisionEntry:
  from render/Flippy-100000016/camFloorRayNode/ccRay2Node
  into render/stage401004452/ZoneEntity-0/-PandaNode/Z08_ALL/Z08/boiler_room/collsion_boiler_room/stageFloorColl2 []
  at -14.2696 245.059 4.91601
  normal 0 0 1
  respect_prev_transform = 0


CollisionEntry:
  from render/Flippy-100000016/camFloorRayNode/ccRay2Node
  into render/stage401004452/LB_connector_7cubeLR.egg/-PandaNode/LB_connector_7cubeLR_egg/collison/stageFloorColl3 []
  at 52.7405 180.115 15.85
  normal 0 -0.000133877 1
  respect_prev_transform = 0


CollisionEntry:
  from render/Flippy-100000016/camFloorRayNode/ccRay2Node
  into render/stage401004452/LB_connector_7cubeLR.egg/-PandaNode/LB_connector_7cubeLR_egg/collison/stageFloorColl3 []
  at 64.5519 177.984 20.8488
  normal 0 -6.5559e-005 1
  respect_prev_transform = 0


CollisionEntry:
  from render/Flippy-100000016/camFloorRayNode/ccRay2Node
  into render/stage401004452/ZoneEntity-0/-PandaNode/Z07_ALL/stageFloorColl4 []
  at 126.171 151.119 20.8493
  normal 0 0 1
  respect_prev_transform = 0


spec = {'parentEntId': 10000, 'pos': LPoint3f(0, 0, 0)}
h = None
CollisionEntry:
  from render/Flippy-100000016/camFloorRayNode/ccRay2Node
  into render/stage401004452/LB_connector_7cubeLR.egg/-PandaNode/LB_connector_7cubeLR_egg/collison/stageFloorColl5 []
  at 194.726 216.736 28.518
  normal 0.000133877 0 1
  respect_prev_transform = 0


CollisionEntry:
  from render/Flippy-100000016/camFloorRayNode/ccRay2Node
  into render/stage401004452/LB_connector_7cubeLR.egg/-PandaNode/LB_connector_7cubeLR_egg/collison/stageFloorColl5 []
  at 194.569 218.792 28.5249
  normal 9.26614e-005 -0.421613 0.906776
  respect_prev_transform = 0


CollisionEntry:
  from render/Flippy-100000016/camFloorRayNode/ccRay2Node
  into render/stage401004452/LB_connector_7cubeLR.egg/-PandaNode/LB_connector_7cubeLR_egg/collison/stageFloorColl5 []
  at 193.512 231.592 33.5172
  normal 6.5559e-005 0 1
  respect_prev_transform = 0


CollisionEntry:
  from render/Flippy-100000016/camFloorRayNode/ccRay2Node
  into render/stage401004452/ZoneEntity-0/-PandaNode/LB_Zone04a_egg/Z04/collision_lobby/stageFloorColl6 []
  at 219.943 291.746 33.5163
  normal 0 0 1
  respect_prev_transform = 0


CollisionEntry:
  from render/Flippy-100000016/camFloorRayNode/ccRay2Node
  into render/stage401004452/ZoneEntity-0/-PandaNode/LB_Zone04a_egg/Z04/collision_lobby/stageFloorColl6 []
  at 163.759 378.577 33.5163
  normal 0 0 1
  respect_prev_transform = 0


CollisionEntry:
  from render/Flippy-100000016/camFloorRayNode/ccRay2Node
  into render/stage401004452/LB_connector_7cubeLR.egg/-PandaNode/LB_connector_7cubeLR_egg/collison/stageFloorColl7 []
  at 220.757 426.424 33.5073
  normal 0.000133877 0 1
  respect_prev_transform = 0


CollisionEntry:
  from render/Flippy-100000016/camFloorRayNode/ccRay2Node
  into render/stage401004452/LB_connector_7cubeLR.egg/-PandaNode/LB_connector_7cubeLR_egg/collison/stageFloorColl7 []
  at 220.49 428.63 33.6088
  normal 9.26614e-005 -0.421613 0.906776
  respect_prev_transform = 0


CollisionEntry:
  from render/Flippy-100000016/camFloorRayNode/ccRay2Node
  into render/stage401004452/LB_connector_7cubeLR.egg/-PandaNode/LB_connector_7cubeLR_egg/collison/stageFloorColl7 []
  at 214.89 441.627 38.5067
  normal 6.5559e-005 0 1
  respect_prev_transform = 0


CollisionEntry:
  from render/Flippy-100000016/camFloorRayNode/ccRay2Node
  into render/stage401004452/ZoneEntity-0/-PandaNode/Z22a/room/collsion/stageFloorColl8 []
  at 252.08 501.722 38.3849
  normal 0 0 1
  respect_prev_transform = 0


spec = {'parentEntId': 10000, 'pos': LPoint3f(0, 0, 0)}
h = None
CollisionEntry:
  from render/Flippy-100000016/camFloorRayNode/ccRay2Node
  into render/stage401004692/ZoneEntity-0/-PandaNode/LB_Zone03a_egg/Collsion/stageFloorColl0 []
  at -2 -10.2625 -0.0338037
  normal -0.000961985 0.000458579 0.999999
  respect_prev_transform = 0


CollisionEntry:
  from render/Flippy-100000016/camFloorRayNode/ccRay2Node
  into render/stage401004692/LB_connector_7cubeL2.egg/-PandaNode/LB_connector_7cubeL2_egg/collison/stageFloorColl1 []
  at -0.427501 38.5323 0.165866
  normal -0.00110178 -0.420737 0.907182
  respect_prev_transform = 0


CollisionEntry:
  from render/Flippy-100000016/camFloorRayNode/ccRay2Node
  into render/stage401004692/LB_connector_7cubeL2.egg/-PandaNode/LB_connector_7cubeL2_egg/collison/stageFloorColl1 []
  at -3.86811 50.9086 4.95762
  normal -0.000597282 -0.000218784 1
  respect_prev_transform = 0


CollisionEntry:
  from render/Flippy-100000016/camFloorRayNode/ccRay2Node
  into render/stage401004692/ZoneEntity-0/-PandaNode/LB_Zone04a_egg/Z04/collision_lobby/stageFloorColl2 []
  at -32.0613 111.272 4.95065
  normal 0 0 1
  respect_prev_transform = 0


CollisionEntry:
  from render/Flippy-100000016/camFloorRayNode/ccRay2Node
  into render/stage401004692/LB_connector_7cubeLR.egg/-PandaNode/LB_connector_7cubeLR_egg/collison/stageFloorColl3 []
  at -28.5313 245.556 4.94127
  normal 0.000133877 0 1
  respect_prev_transform = 0


CollisionEntry:
  from render/Flippy-100000016/camFloorRayNode/ccRay2Node
  into render/stage401004692/LB_connector_7cubeLR.egg/-PandaNode/LB_connector_7cubeLR_egg/collison/stageFloorColl3 []
  at -28.4822 247.806 4.97045
  normal 9.26614e-005 -0.421613 0.906776
  respect_prev_transform = 0


CollisionEntry:
  from render/Flippy-100000016/camFloorRayNode/ccRay2Node
  into render/stage401004692/LB_connector_7cubeLR.egg/-PandaNode/LB_connector_7cubeLR_egg/collison/stageFloorColl3 []
  at -28.8261 260.529 9.94053
  normal 6.5559e-005 0 1
  respect_prev_transform = 0


CollisionEntry:
  from render/Flippy-100000016/camFloorRayNode/ccRay2Node
  into render/stage401004692/ZoneEntity-0/-PandaNode/Z08_ALL/Z08/boiler_room/collsion_boiler_room/stageFloorColl4 []
  at -1.90237 320.94 9.91766
  normal 0 0 1
  respect_prev_transform = 0


CollisionEntry:
  from render/Flippy-100000016/camFloorRayNode/ccRay2Node
  into render/stage401004692/ZoneEntity-0/-PandaNode/Z08_ALL/Z08/boiler_room/collsion_boiler_room/stageFloorColl4 []
  at 8.22158 452.834 10.051
  normal 0 0 1
  respect_prev_transform = 0


CollisionEntry:
  from render/Flippy-100000016/camFloorRayNode/ccRay2Node
  into render/stage401004692/ZoneEntity-0/-PandaNode/Z08_ALL/Z08/boiler_room/collsion_boiler_room/stageFloorColl4 []
  at 31.8849 448.349 20.2478
  normal 0 0 1
  respect_prev_transform = 0


CollisionEntry:
  from render/Flippy-100000016/camFloorRayNode/ccRay2Node
  into render/stage401004692/LB_connector_7cubeL2.egg/-PandaNode/LB_connector_7cubeL2_egg/collison/stageFloorColl5 []
  at 76.3824 391.292 20.8517
  normal 0 0.0012142 0.999999
  respect_prev_transform = 0


CollisionEntry:
  from render/Flippy-100000016/camFloorRayNode/ccRay2Node
  into render/stage401004692/ZoneEntity-0/-PandaNode/Z08_ALL/Z08/boiler_room/collsion_boiler_room/stageFloorColl4 []
  at 77.8082 391.171 20.8551
  normal 0 0 1
  respect_prev_transform = 0


CollisionEntry:
  from render/Flippy-100000016/camFloorRayNode/ccRay2Node
  into render/stage401004692/LB_connector_7cubeL2.egg/-PandaNode/LB_connector_7cubeL2_egg/collison/stageFloorColl5 []
  at 79.0431 391.066 21.0598
  normal -0.420737 0.00110179 0.907182
  respect_prev_transform = 0


CollisionEntry:
  from render/Flippy-100000016/camFloorRayNode/ccRay2Node
  into render/stage401004692/LB_connector_7cubeL2.egg/-PandaNode/LB_connector_7cubeL2_egg/collison/stageFloorColl5 []
  at 91.9619 388.195 25.8462
  normal -0.000218784 0.000597282 1
  respect_prev_transform = 0


CollisionEntry:
  from render/Flippy-100000016/camFloorRayNode/ccRay2Node
  into render/stage401004692/ZoneEntity-0/-PandaNode/Z13_ALL/room/collsion/stageFloorColl6 []
  at 151.589 421.254 25.837
  normal 0 0 1
  respect_prev_transform = 0


spec = {'parentEntId': 10000, 'pos': LPoint3f(0, 0, 0)}
h = None
CollisionEntry:
  from render/Flippy-100000016/camFloorRayNode/ccRay2Node
  into render/stage401004692/LB_connector_7cubeLR.egg/-PandaNode/LB_connector_7cubeLR_egg/collison/stageFloorColl7 []
  at 421.179 420.212 25.8392
  normal 0 -0.000133877 1
  respect_prev_transform = 0


CollisionEntry:
  from render/Flippy-100000016/camFloorRayNode/ccRay2Node
  into render/stage401004692/LB_connector_7cubeLR.egg/-PandaNode/LB_connector_7cubeLR_egg/collison/stageFloorColl7 []
  at 423.509 420.212 26.0319
  normal -0.421613 -9.2643e-005 0.906776
  respect_prev_transform = 0


CollisionEntry:
  from render/Flippy-100000016/camFloorRayNode/ccRay2Node
  into render/stage401004692/LB_connector_7cubeLR.egg/-PandaNode/LB_connector_7cubeLR_egg/collison/stageFloorColl7 []
  at 435.863 422.999 30.8383
  normal 0 -6.5559e-005 1
  respect_prev_transform = 0


CollisionEntry:
  from render/Flippy-100000016/camFloorRayNode/ccRay2Node
  into render/stage401004692/ZoneEntity-0/-PandaNode/Z22a/room/collsion/stageFloorColl8 []
  at 496.652 389.493 30.7165
  normal 0 0 1
  respect_prev_transform = 0


spec = {'parentEntId': 10000, 'pos': LPoint3f(0, 0, 0)}
h = None
entered wait for zone redirect
entered wait for set zone response - 2
Reading DNA file... phase_4/dna/storage.pdna
Reading DNA file... phase_3.5/dna/storage_interior.pdna
Reading DNA file... phase_8/dna/storage_BR.pdna
Reading DNA file... phase_8/dna/halloween_props_storage_BR.pdna
Reading DNA file... phase_8/dna/storage_BR_sz.pdna
Reading DNA file... phase_8/dna/the_burrrgh_sz.pdna
