TTLocalizer: Running in language: English
OTPLocalizer: Running in language: English
Preloading suits...
Preloading Toon heads...
Preloading avatars...
{401000001: <toontown.distributed.ToontownDistrict.ToontownDistrict instance at 0x21258288>}
__handleAvatarChooserDone: 100000017, 'Master Cool Cat', ('css', 'ms', 's', 'm', (0.3, 0.3, 0.35, 1.0), (1.0, 1.0, 1.0, 1.0), (0.3, 0.3, 0.35, 1.0), (0.3, 0.3, 0.35, 1.0), 99, 27, 12, 27, 6, 27), 1
entered wait for zone redirect
entered wait for set zone response - 2
Reading DNA file... phase_4/dna/storage.pdna
Reading DNA file... phase_3.5/dna/storage_interior.pdna
Reading DNA file... phase_4/dna/storage_TT.pdna
Reading DNA file... phase_4/dna/storage_TT_sz.pdna
Reading DNA file... phase_4/dna/toontown_central_sz.pdna
entered wait for zone redirect
entered wait for set zone response - 2
Reading DNA file... phase_5/dna/storage_town.pdna
Reading DNA file... phase_5/dna/storage_TT_town.pdna
Reading DNA file... phase_5/dna/toontown_central_2200.pdna
Traceback (most recent call last):
  File "C:\Panda3D-1.10.0\direct\distributed\ConnectionRepository.py", line 613, in readerPollUntilEmpty
    while self.readerPollOnce():
  File "C:\Panda3D-1.10.0\direct\distributed\ConnectionRepository.py", line 620, in readerPollOnce
    self.handleDatagram(self.private__di)
  File "otp\distributed\OTPClientRepository.py", line 1224, in handleDatagram
    self.handler(msgType, di)
  File "otp\distributed\OTPClientRepository.py", line 1014, in handlePlayGame
    self.handleGenerateWithRequired(di)
  File "otp\distributed\OTPClientRepository.py", line 1282, in handleGenerateWithRequired
    return self.__doGenerate(doId, parentId, zoneId, classId, di, other)
  File "otp\distributed\OTPClientRepository.py", line 1346, in __doGenerate
    self.generateWithRequiredFields(dclass, doId, di, parentId, zoneId)
  File "C:\Panda3D-1.10.0\direct\distributed\ClientRepositoryBase.py", line 265, in generateWithRequiredFields
    distObj.updateRequiredFields(dclass, di)
  File "C:\Panda3D-1.10.0\direct\distributed\DistributedObject.py", line 336, in updateRequiredFields
    dclass.receiveUpdateBroadcastRequired(self, di)
  File "toontown\suit\DistributedSuitBase.py", line 107, in setDNAString
    Suit.Suit.setDNAString(self, dnaString)
  File "toontown\suit\Suit.py", line 366, in setDNAString
    self.setDNA(self.dna)
  File "toontown\suit\DistributedSuitBase.py", line 110, in setDNA
    Suit.Suit.setDNA(self, dna)
  File "toontown\suit\Suit.py", line 373, in setDNA
    self.generateSuit()
  File "toontown\suit\Suit.py", line 400, in generateSuit
    self.generateHead(head)
  File "toontown\suit\Suit.py", line 530, in generateHead
    headTex = loader.loadTexture('phase_' + str(phase) + '/maps/' + self.headTexture)
  File "toontown\toonbase\ToontownLoader.py", line 86, in loadTexture
    ret = Loader.Loader.loadTexture(self, texturePath, alphaPath, okMissing=okMissing)
  File "C:\Panda3D-1.10.0\direct\showbase\Loader.py", line 623, in loadTexture
    raise IOError, message
IOError: Could not load texture: phase_4/maps/shades
Traceback (most recent call last):
  File "otp\otpbase\OTPBase.py", line 34, in run
    taskMgr.run()
  File "C:\Panda3D-1.10.0\direct\task\Task.py", line 508, in run
    self.step()
  File "C:\Panda3D-1.10.0\direct\task\Task.py", line 465, in step
    self.mgr.poll()
  File "C:\Panda3D-1.10.0\direct\distributed\ConnectionRepository.py", line 613, in readerPollUntilEmpty
    while self.readerPollOnce():
  File "C:\Panda3D-1.10.0\direct\distributed\ConnectionRepository.py", line 620, in readerPollOnce
    self.handleDatagram(self.private__di)
  File "otp\distributed\OTPClientRepository.py", line 1224, in handleDatagram
    self.handler(msgType, di)
  File "otp\distributed\OTPClientRepository.py", line 1014, in handlePlayGame
    self.handleGenerateWithRequired(di)
  File "otp\distributed\OTPClientRepository.py", line 1282, in handleGenerateWithRequired
    return self.__doGenerate(doId, parentId, zoneId, classId, di, other)
  File "otp\distributed\OTPClientRepository.py", line 1346, in __doGenerate
    self.generateWithRequiredFields(dclass, doId, di, parentId, zoneId)
  File "C:\Panda3D-1.10.0\direct\distributed\ClientRepositoryBase.py", line 265, in generateWithRequiredFields
    distObj.updateRequiredFields(dclass, di)
  File "C:\Panda3D-1.10.0\direct\distributed\DistributedObject.py", line 336, in updateRequiredFields
    dclass.receiveUpdateBroadcastRequired(self, di)
  File "toontown\suit\DistributedSuitBase.py", line 107, in setDNAString
    Suit.Suit.setDNAString(self, dnaString)
  File "toontown\suit\Suit.py", line 366, in setDNAString
    self.setDNA(self.dna)
  File "toontown\suit\DistributedSuitBase.py", line 110, in setDNA
    Suit.Suit.setDNA(self, dna)
  File "toontown\suit\Suit.py", line 373, in setDNA
    self.generateSuit()
  File "toontown\suit\Suit.py", line 400, in generateSuit
    self.generateHead(head)
  File "toontown\suit\Suit.py", line 530, in generateHead
    headTex = loader.loadTexture('phase_' + str(phase) + '/maps/' + self.headTexture)
  File "toontown\toonbase\ToontownLoader.py", line 86, in loadTexture
    ret = Loader.Loader.loadTexture(self, texturePath, alphaPath, okMissing=okMissing)
  File "C:\Panda3D-1.10.0\direct\showbase\Loader.py", line 623, in loadTexture
    raise IOError, message
IOError: Could not load texture: phase_4/maps/shades
