TTLocalizer: Running in language: English
OTPLocalizer: Running in language: English
Preloading suits...
Preloading Toon heads...
Preloading avatars...
{401000001: <toontown.distributed.ToontownDistrict.ToontownDistrict instance at 0x212528A0>}
__handleAvatarChooserDone: 100000016, 'Super Bunny', ('rll', 'ms', 'm', 'm', (0.3, 0.96, 0.4, 1.0), (1.0, 1.0, 1.0, 1.0), (0.3, 0.96, 0.4, 1.0), (0.3, 0.96, 0.4, 1.0), 85, 3, 0, 3, 32, 2), 0
entered wait for zone redirect
entered wait for set zone response - 2
Reading DNA file... phase_4/dna/storage.pdna
Reading DNA file... phase_3.5/dna/storage_interior.pdna
../resources/phase_3/audio/sfx
../resources/phase_3.5/audio/sfx
../resources/phase_4/audio/sfx
../resources/phase_5/audio/sfx
/phase_3/audio/sfx
/phase_3.5/audio/sfx
/phase_4/audio/sfx
/phase_5/audio/sfx

entered wait for zone redirect
entered wait for set zone response - 2
spec = {'parentEntId': 110000, 'pos': LPoint3f(0, 0, 0)}
h = None
Pattern [5, 1, 1, 2, 2, 5, 0, 0] Place 0 Type 5
Pattern [5, 1, 1, 2, 2, 5, 0, 0] Place 1 Type 1
Pattern [5, 1, 1, 2, 2, 5, 0, 0] Place 2 Type 1
Pattern [5, 1, 1, 2, 2, 5, 0, 0] Place 3 Type 2
Pattern [5, 1, 1, 2, 2, 5, 0, 0] Place 4 Type 2
Pattern [5, 1, 1, 2, 2, 5, 0, 0] Place 5 Type 5
Pattern [5, 1, 1, 2, 2, 5, 0, 0] Place 6 Type 0
Pattern [5, 1, 1, 2, 2, 5, 0, 0] Place 7 Type 0
Pattern [5, 1, 1, 2, 2, 5, 0, 0] Place 0 Type 5
Pattern [5, 1, 1, 2, 2, 5, 0, 0] Place 1 Type 1
Pattern [5, 1, 1, 2, 2, 5, 0, 0] Place 2 Type 1
Pattern [5, 1, 1, 2, 2, 5, 0, 0] Place 3 Type 2
Pattern [5, 1, 1, 2, 2, 5, 0, 0] Place 4 Type 2
Pattern [5, 1, 1, 2, 2, 5, 0, 0] Place 5 Type 5
Pattern [5, 1, 1, 2, 2, 5, 0, 0] Place 6 Type 0
Pattern [5, 1, 1, 2, 2, 5, 0, 0] Place 7 Type 0
Pattern [5, 1, 1, 2, 2, 5, 0, 0] Place 0 Type 5
Pattern [5, 1, 1, 2, 2, 5, 0, 0] Place 1 Type 1
Pattern [5, 1, 1, 2, 2, 5, 0, 0] Place 2 Type 1
Pattern [1, 6, 0, 2, 0, 1, 6, 2] Place 0 Type 1
Pattern [1, 6, 0, 2, 0, 1, 6, 2] Place 1 Type 6
Pattern [1, 6, 0, 2, 0, 1, 6, 2] Place 2 Type 0
Pattern [1, 6, 0, 2, 0, 1, 6, 2] Place 3 Type 2
Pattern [1, 6, 0, 2, 0, 1, 6, 2] Place 4 Type 0
Pattern [1, 6, 0, 2, 0, 1, 6, 2] Place 5 Type 1
Pattern [1, 6, 0, 2, 0, 1, 6, 2] Place 6 Type 6
Pattern [1, 6, 0, 2, 0, 1, 6, 2] Place 7 Type 2
Pattern [1, 6, 0, 2, 0, 1, 6, 2] Place 0 Type 1
Pattern [1, 6, 0, 2, 0, 1, 6, 2] Place 1 Type 6
Pattern [1, 0, 2, 0, 5, 6, 5, 6, 1, 2] Place 0 Type 1
Pattern [1, 0, 2, 0, 5, 6, 5, 6, 1, 2] Place 1 Type 0
Pattern [1, 0, 2, 0, 5, 6, 5, 6, 1, 2] Place 2 Type 2
Pattern [1, 0, 2, 0, 5, 6, 5, 6, 1, 2] Place 3 Type 0
Pattern [1, 0, 2, 0, 5, 6, 5, 6, 1, 2] Place 4 Type 5
Pattern [1, 0, 2, 0, 5, 6, 5, 6, 1, 2] Place 5 Type 6
Pattern [1, 0, 2, 0, 5, 6, 5, 6, 1, 2] Place 6 Type 5
Pattern [1, 0, 2, 0, 5, 6, 5, 6, 1, 2] Place 7 Type 6
Pattern [1, 0, 2, 0, 5, 6, 5, 6, 1, 2] Place 8 Type 1
Pattern [1, 0, 2, 0, 5, 6, 5, 6, 1, 2] Place 9 Type 2
Pattern [1, 0, 2, 0, 5, 6, 5, 6, 1, 2] Place 0 Type 1
Pattern [1, 0, 2, 0, 5, 6, 5, 6, 1, 2] Place 1 Type 0
Pattern [1, 0, 2, 0, 5, 6, 5, 6, 1, 2] Place 2 Type 2
Pattern [1, 0, 2, 0, 5, 6, 5, 6, 1, 2] Place 3 Type 0
Pattern [1, 0, 2, 0, 5, 6, 5, 6, 1, 2] Place 4 Type 5
Pattern [1, 0, 2, 0, 5, 6, 5, 6, 1, 2] Place 5 Type 6
Pattern [1, 0, 2, 0, 5, 6, 5, 6, 1, 2] Place 6 Type 5
Pattern [1, 0, 2, 0, 5, 6, 5, 6, 1, 2] Place 7 Type 6
Pattern [1, 0, 2, 0, 5, 6, 5, 6, 1, 2] Place 8 Type 1
Pattern [1, 0, 2, 0, 5, 6, 5, 6, 1, 2] Place 9 Type 2
Pattern [1, 0, 2, 0, 5, 6, 5, 6, 1, 2] Place 0 Type 1
Pattern [1, 0, 2, 0, 5, 6, 5, 6, 1, 2] Place 1 Type 0
Pattern [1, 0, 2, 0, 5, 6, 5, 6, 1, 2] Place 2 Type 2
Pattern [0, 2, 6, 6, 0, 1, 2, 1] Place 0 Type 0
Pattern [0, 2, 6, 6, 0, 1, 2, 1] Place 1 Type 2
Pattern [0, 2, 6, 6, 0, 1, 2, 1] Place 2 Type 6
Pattern [0, 2, 6, 6, 0, 1, 2, 1] Place 3 Type 6
Pattern [0, 2, 6, 6, 0, 1, 2, 1] Place 4 Type 0
Pattern [0, 2, 6, 6, 0, 1, 2, 1] Place 5 Type 1
Pattern [0, 2, 6, 6, 0, 1, 2, 1] Place 6 Type 2
Pattern [0, 2, 6, 6, 0, 1, 2, 1] Place 7 Type 1
Pattern [0, 2, 6, 6, 0, 1, 2, 1] Place 0 Type 0
Pattern [0, 2, 6, 6, 0, 1, 2, 1] Place 1 Type 2
Pattern [0, 2, 6, 6, 0, 1, 2, 1] Place 2 Type 6
Pattern [0, 2, 6, 6, 0, 1, 2, 1] Place 3 Type 6
Pattern [0, 2, 6, 6, 0, 1, 2, 1] Place 4 Type 0
Pattern [0, 2, 6, 6, 0, 1, 2, 1] Place 5 Type 1
Pattern [0, 2, 6, 6, 0, 1, 2, 1] Place 6 Type 2
Pattern [0, 2, 6, 6, 0, 1, 2, 1] Place 7 Type 1
Pattern [0, 2, 6, 6, 0, 1, 2, 1] Place 0 Type 0
Pattern [0, 2, 6, 6, 0, 1, 2, 1] Place 1 Type 2
spec = {'parentEntId': 110400, 'pos': LPoint3f(0, 0, 0)}
h = None
chooseFireOpenShot <function avatarCloseUpThrowShot at 0x1C012BB0>
chooseFireOpenShot <function avatarCloseUpFireShot at 0x1C014170>
Warning: NodePath.remove() is deprecated.  Use remove_node() instead.
spec = {'parentEntId': 110200, 'pos': LPoint3f(0, 0, 0)}
h = None
Pattern [2, 6, 5, 5, 6, 2] Place 0 Type 2
Pattern [2, 6, 5, 5, 6, 2] Place 1 Type 6
Pattern [2, 6, 5, 5, 6, 2] Place 2 Type 5
Pattern [2, 6, 5, 5, 6, 2] Place 3 Type 5
Pattern [2, 6, 5, 5, 6, 2] Place 4 Type 6
Pattern [2, 6, 5, 5, 6, 2] Place 5 Type 2
Pattern [2, 6, 5, 5, 6, 2] Place 0 Type 2
Pattern [2, 6, 5, 5, 6, 2] Place 1 Type 6
Pattern [2, 6, 5, 5, 6, 2] Place 2 Type 5
Pattern [2, 6, 5, 5, 6, 2] Place 3 Type 5
Pattern [2, 6, 5, 5, 6, 2] Place 4 Type 6
Pattern [2, 6, 5, 5, 6, 2] Place 5 Type 2
Pattern [0, 1, 1, 5, 2, 0, 6, 2, 6, 5] Place 0 Type 0
Pattern [0, 1, 1, 5, 2, 0, 6, 2, 6, 5] Place 1 Type 1
Pattern [0, 1, 1, 5, 2, 0, 6, 2, 6, 5] Place 2 Type 1
Pattern [0, 1, 1, 5, 2, 0, 6, 2, 6, 5] Place 3 Type 5
Pattern [0, 1, 1, 5, 2, 0, 6, 2, 6, 5] Place 4 Type 2
Pattern [0, 1, 1, 5, 2, 0, 6, 2, 6, 5] Place 5 Type 0
Pattern [0, 1, 1, 5, 2, 0, 6, 2, 6, 5] Place 6 Type 6
Pattern [0, 1, 1, 5, 2, 0, 6, 2, 6, 5] Place 7 Type 2
Pattern [0, 1, 1, 5, 2, 0, 6, 2, 6, 5] Place 8 Type 6
Pattern [0, 1, 1, 5, 2, 0, 6, 2, 6, 5] Place 9 Type 5
Pattern [0, 1, 1, 5, 2, 0, 6, 2, 6, 5] Place 0 Type 0
Pattern [0, 1, 1, 5, 2, 0, 6, 2, 6, 5] Place 1 Type 1
Pattern [0, 1, 1, 5, 2, 0, 6, 2, 6, 5] Place 2 Type 1
Pattern [0, 1, 1, 5, 2, 0, 6, 2, 6, 5] Place 3 Type 5
Pattern [0, 1, 1, 5, 2, 0, 6, 2, 6, 5] Place 4 Type 2
Pattern [0, 1, 1, 5, 2, 0, 6, 2, 6, 5] Place 5 Type 0
Pattern [0, 1, 1, 5, 2, 0, 6, 2, 6, 5] Place 6 Type 6
Pattern [0, 1, 1, 5, 2, 0, 6, 2, 6, 5] Place 7 Type 2
Pattern [0, 1, 1, 5, 2, 0, 6, 2, 6, 5] Place 8 Type 6
Pattern [0, 1, 1, 5, 2, 0, 6, 2, 6, 5] Place 9 Type 5
Pattern [0, 1, 1, 5, 2, 0, 6, 2, 6, 5] Place 0 Type 0
Pattern [0, 1, 1, 5, 2, 0, 6, 2, 6, 5] Place 1 Type 1
Pattern [0, 1, 1, 5, 2, 0, 6, 2, 6, 5] Place 2 Type 1
Pattern [0, 6, 1, 2, 0, 1, 6, 2] Place 0 Type 0
Pattern [0, 6, 1, 2, 0, 1, 6, 2] Place 1 Type 6
Pattern [0, 6, 1, 2, 0, 1, 6, 2] Place 2 Type 1
Pattern [0, 6, 1, 2, 0, 1, 6, 2] Place 3 Type 2
Pattern [0, 6, 1, 2, 0, 1, 6, 2] Place 4 Type 0
Pattern [0, 6, 1, 2, 0, 1, 6, 2] Place 5 Type 1
Pattern [0, 6, 1, 2, 0, 1, 6, 2] Place 6 Type 6
Pattern [0, 6, 1, 2, 0, 1, 6, 2] Place 7 Type 2
Pattern [0, 6, 1, 2, 0, 1, 6, 2] Place 0 Type 0
Pattern [0, 6, 1, 2, 0, 1, 6, 2] Place 1 Type 6
Pattern [0, 6, 1, 2, 0, 1, 6, 2] Place 2 Type 1
Pattern [0, 6, 1, 2, 0, 1, 6, 2] Place 3 Type 2
Pattern [1, 5, 6, 0, 0, 1, 2, 2, 5, 6] Place 0 Type 1
Pattern [1, 5, 6, 0, 0, 1, 2, 2, 5, 6] Place 1 Type 5
Pattern [1, 5, 6, 0, 0, 1, 2, 2, 5, 6] Place 2 Type 6
Pattern [1, 5, 6, 0, 0, 1, 2, 2, 5, 6] Place 3 Type 0
Pattern [1, 5, 6, 0, 0, 1, 2, 2, 5, 6] Place 4 Type 0
Pattern [1, 5, 6, 0, 0, 1, 2, 2, 5, 6] Place 5 Type 1
Pattern [1, 5, 6, 0, 0, 1, 2, 2, 5, 6] Place 6 Type 2
Pattern [1, 5, 6, 0, 0, 1, 2, 2, 5, 6] Place 7 Type 2
Pattern [1, 5, 6, 0, 0, 1, 2, 2, 5, 6] Place 8 Type 5
Pattern [1, 5, 6, 0, 0, 1, 2, 2, 5, 6] Place 9 Type 6
Pattern [1, 5, 6, 0, 0, 1, 2, 2, 5, 6] Place 0 Type 1
Pattern [1, 5, 6, 0, 0, 1, 2, 2, 5, 6] Place 1 Type 5
Pattern [1, 5, 6, 0, 0, 1, 2, 2, 5, 6] Place 2 Type 6
Pattern [1, 5, 6, 0, 0, 1, 2, 2, 5, 6] Place 3 Type 0
Pattern [1, 5, 6, 0, 0, 1, 2, 2, 5, 6] Place 4 Type 0
Pattern [1, 5, 6, 0, 0, 1, 2, 2, 5, 6] Place 5 Type 1
Pattern [1, 5, 6, 0, 0, 1, 2, 2, 5, 6] Place 6 Type 2
Pattern [1, 5, 6, 0, 0, 1, 2, 2, 5, 6] Place 7 Type 2
Pattern [1, 5, 6, 0, 0, 1, 2, 2, 5, 6] Place 0 Type 1
Pattern [1, 5, 6, 0, 0, 1, 2, 2, 5, 6] Place 1 Type 5
Pattern [1, 5, 6, 0, 0, 1, 2, 2, 5, 6] Place 2 Type 6
Pattern [1, 5, 6, 0, 0, 1, 2, 2, 5, 6] Place 3 Type 0
Pattern [1, 5, 6, 0, 0, 1, 2, 2, 5, 6] Place 4 Type 0
Pattern [1, 5, 6, 0, 0, 1, 2, 2, 5, 6] Place 5 Type 1
Pattern [1, 5, 6, 0, 0, 1, 2, 2, 5, 6] Place 6 Type 2
Pattern [1, 5, 6, 0, 0, 1, 2, 2, 5, 6] Place 7 Type 2
spec = {'parentEntId': 110400, 'pos': LPoint3f(0, 0, 0)}
h = None
chooseFireOpenShot <function avatarCloseUpThrowShot at 0x1C012BB0>
chooseFireOpenShot <function avatarCloseUpThreeQuarterLeftFireShot at 0x1C0141B0>
Warning: NodePath.remove() is deprecated.  Use remove_node() instead.
spec = {'parentEntId': 110000, 'pos': LPoint3f(0, 0, 0)}
h = None
Pattern [1, 6, 0, 6, 2, 2, 1, 0] Place 0 Type 1
Pattern [1, 6, 0, 6, 2, 2, 1, 0] Place 1 Type 6
Pattern [1, 6, 0, 6, 2, 2, 1, 0] Place 2 Type 0
Pattern [1, 6, 0, 6, 2, 2, 1, 0] Place 3 Type 6
Pattern [1, 6, 0, 6, 2, 2, 1, 0] Place 4 Type 2
Pattern [1, 6, 0, 6, 2, 2, 1, 0] Place 5 Type 2
Pattern [1, 6, 0, 6, 2, 2, 1, 0] Place 6 Type 1
Pattern [1, 6, 0, 6, 2, 2, 1, 0] Place 7 Type 0
Pattern [1, 6, 0, 6, 2, 2, 1, 0] Place 0 Type 1
Pattern [1, 5, 0, 5, 6, 1, 6, 2, 2, 0] Place 0 Type 1
Pattern [1, 5, 0, 5, 6, 1, 6, 2, 2, 0] Place 1 Type 5
Pattern [1, 5, 0, 5, 6, 1, 6, 2, 2, 0] Place 2 Type 0
Pattern [1, 5, 0, 5, 6, 1, 6, 2, 2, 0] Place 3 Type 5
Pattern [1, 5, 0, 5, 6, 1, 6, 2, 2, 0] Place 4 Type 6
Pattern [1, 5, 0, 5, 6, 1, 6, 2, 2, 0] Place 5 Type 1
Pattern [1, 5, 0, 5, 6, 1, 6, 2, 2, 0] Place 6 Type 6
Pattern [1, 5, 0, 5, 6, 1, 6, 2, 2, 0] Place 7 Type 2
Pattern [1, 5, 0, 5, 6, 1, 6, 2, 2, 0] Place 8 Type 2
Pattern [1, 5, 0, 5, 6, 1, 6, 2, 2, 0] Place 9 Type 0
Pattern [1, 5, 0, 5, 6, 1, 6, 2, 2, 0] Place 0 Type 1
Pattern [1, 5, 0, 5, 6, 1, 6, 2, 2, 0] Place 1 Type 5
Pattern [1, 5, 0, 5, 6, 1, 6, 2, 2, 0] Place 2 Type 0
Pattern [1, 5, 0, 5, 6, 1, 6, 2, 2, 0] Place 3 Type 5
Pattern [1, 5, 0, 5, 6, 1, 6, 2, 2, 0] Place 4 Type 6
Pattern [1, 5, 0, 5, 6, 1, 6, 2, 2, 0] Place 5 Type 1
Pattern [1, 5, 0, 5, 6, 1, 6, 2, 2, 0] Place 6 Type 6
Pattern [1, 5, 0, 5, 6, 1, 6, 2, 2, 0] Place 7 Type 2
Pattern [1, 5, 0, 5, 6, 1, 6, 2, 2, 0] Place 8 Type 2
Pattern [1, 5, 0, 5, 6, 1, 6, 2, 2, 0] Place 9 Type 0
Pattern [1, 5, 0, 5, 6, 1, 6, 2, 2, 0] Place 0 Type 1
Pattern [1, 5, 0, 5, 6, 1, 6, 2, 2, 0] Place 1 Type 5
Pattern [1, 5, 0, 5, 6, 1, 6, 2, 2, 0] Place 0 Type 1
Pattern [1, 5, 0, 5, 6, 1, 6, 2, 2, 0] Place 1 Type 5
Pattern [1, 5, 0, 5, 6, 1, 6, 2, 2, 0] Place 2 Type 0
Pattern [1, 5, 0, 5, 6, 1, 6, 2, 2, 0] Place 3 Type 5
Pattern [1, 5, 0, 5, 6, 1, 6, 2, 2, 0] Place 4 Type 6
Pattern [1, 5, 0, 5, 6, 1, 6, 2, 2, 0] Place 5 Type 1
Pattern [1, 5, 0, 5, 6, 1, 6, 2, 2, 0] Place 6 Type 6
Pattern [1, 5, 0, 5, 6, 1, 6, 2, 2, 0] Place 7 Type 2
Pattern [1, 5, 0, 5, 6, 1, 6, 2, 2, 0] Place 8 Type 2
Pattern [1, 5, 0, 5, 6, 1, 6, 2, 2, 0] Place 9 Type 0
Pattern [1, 5, 0, 5, 6, 1, 6, 2, 2, 0] Place 0 Type 1
Pattern [1, 5, 0, 5, 6, 1, 6, 2, 2, 0] Place 1 Type 5
Pattern [1, 5, 0, 5, 6, 1, 6, 2, 2, 0] Place 2 Type 0
Pattern [1, 5, 0, 5, 6, 1, 6, 2, 2, 0] Place 3 Type 5
Pattern [2, 5, 0, 5, 0, 2, 1, 1] Place 0 Type 2
Pattern [2, 5, 0, 5, 0, 2, 1, 1] Place 1 Type 5
Pattern [2, 5, 0, 5, 0, 2, 1, 1] Place 2 Type 0
Pattern [2, 5, 0, 5, 0, 2, 1, 1] Place 3 Type 5
Pattern [2, 5, 0, 5, 0, 2, 1, 1] Place 4 Type 0
Pattern [2, 5, 0, 5, 0, 2, 1, 1] Place 5 Type 2
Pattern [2, 5, 0, 5, 0, 2, 1, 1] Place 6 Type 1
Pattern [2, 5, 0, 5, 0, 2, 1, 1] Place 7 Type 1
Pattern [2, 5, 0, 5, 0, 2, 1, 1] Place 0 Type 2
Pattern [2, 5, 0, 5, 0, 2, 1, 1] Place 1 Type 5
Pattern [2, 5, 0, 5, 0, 2, 1, 1] Place 2 Type 0
Pattern [2, 5, 0, 5, 0, 2, 1, 1] Place 3 Type 5
Pattern [2, 5, 0, 5, 0, 2, 1, 1] Place 4 Type 0
Pattern [2, 5, 0, 5, 0, 2, 1, 1] Place 5 Type 2
Pattern [2, 5, 0, 5, 0, 2, 1, 1] Place 6 Type 1
Pattern [2, 5, 0, 5, 0, 2, 1, 1] Place 7 Type 1
Pattern [2, 5, 0, 5, 0, 2, 1, 1] Place 0 Type 2
Pattern [2, 5, 0, 5, 0, 2, 1, 1] Place 1 Type 5
Pattern [2, 5, 0, 5, 0, 2, 1, 1] Place 2 Type 0
Pattern [2, 5, 0, 5, 0, 2, 1, 1] Place 3 Type 5
Pattern [2, 5, 0, 5, 0, 2, 1, 1] Place 4 Type 0
Pattern [2, 5, 0, 5, 0, 2, 1, 1] Place 5 Type 2
Pattern [2, 5, 0, 5, 0, 2, 1, 1] Place 6 Type 1
Pattern [2, 5, 0, 5, 0, 2, 1, 1] Place 7 Type 1
Pattern [6, 0, 2, 2, 5, 1, 6, 1, 0, 5] Place 0 Type 6
Pattern [6, 0, 2, 2, 5, 1, 6, 1, 0, 5] Place 1 Type 0
Pattern [6, 0, 2, 2, 5, 1, 6, 1, 0, 5] Place 2 Type 2
Pattern [6, 0, 2, 2, 5, 1, 6, 1, 0, 5] Place 3 Type 2
Pattern [6, 0, 2, 2, 5, 1, 6, 1, 0, 5] Place 4 Type 5
Pattern [6, 0, 2, 2, 5, 1, 6, 1, 0, 5] Place 5 Type 1
Pattern [6, 0, 2, 2, 5, 1, 6, 1, 0, 5] Place 6 Type 6
Pattern [6, 0, 2, 2, 5, 1, 6, 1, 0, 5] Place 7 Type 1
Pattern [6, 0, 2, 2, 5, 1, 6, 1, 0, 5] Place 8 Type 0
Pattern [6, 0, 2, 2, 5, 1, 6, 1, 0, 5] Place 9 Type 5
Pattern [6, 0, 2, 2, 5, 1, 6, 1, 0, 5] Place 0 Type 6
Pattern [6, 0, 2, 2, 5, 1, 6, 1, 0, 5] Place 1 Type 0
Pattern [6, 0, 2, 2, 5, 1, 6, 1, 0, 5] Place 2 Type 2
Pattern [6, 0, 2, 2, 5, 1, 6, 1, 0, 5] Place 3 Type 2
Pattern [6, 0, 2, 2, 5, 1, 6, 1, 0, 5] Place 4 Type 5
Pattern [6, 0, 2, 2, 5, 1, 6, 1, 0, 5] Place 5 Type 1
Pattern [6, 0, 2, 2, 5, 1, 6, 1, 0, 5] Place 6 Type 6
spec = {'parentEntId': 110400, 'pos': LPoint3f(0, 0, 0)}
h = None
../resources/phase_3/audio/sfx
../resources/phase_3.5/audio/sfx
../resources/phase_4/audio/sfx
../resources/phase_5/audio/sfx
/phase_3/audio/sfx
/phase_3.5/audio/sfx
/phase_4/audio/sfx
/phase_5/audio/sfx

### newVec3 =  LVector3f(2.00009, 6.29999, 1.5)
### newVec3 =  LVector3f(2.00009, 6.29999, 0)
### newVec3 =  LVector3f(2.00009, 6.29999, 0.375)
### newVec3 =  LVector3f(2.00009, 6.29999, 0)
../resources/phase_3/audio/sfx
../resources/phase_3.5/audio/sfx
../resources/phase_4/audio/sfx
../resources/phase_5/audio/sfx
/phase_3/audio/sfx
/phase_3.5/audio/sfx
/phase_4/audio/sfx
/phase_5/audio/sfx

../resources/phase_3/audio/sfx
../resources/phase_3.5/audio/sfx
../resources/phase_4/audio/sfx
../resources/phase_5/audio/sfx
/phase_3/audio/sfx
/phase_3.5/audio/sfx
/phase_4/audio/sfx
/phase_5/audio/sfx

