TTLocalizer: Running in language: English
OTPLocalizer: Running in language: English
Preloading suits...
Preloading Toon heads...
Preloading avatars...
{401000001: <toontown.distributed.ToontownDistrict.ToontownDistrict instance at 0x1D0817B0>}
entered wait for zone redirect
entered wait for set zone response - 2
Reading DNA file... phase_4/dna/storage.pdna
Reading DNA file... phase_3.5/dna/storage_interior.pdna
Reading DNA file... phase_4/dna/storage_TT.pdna
Reading DNA file... phase_4/dna/storage_TT_sz.pdna
Reading DNA file... phase_4/dna/toontown_central_sz.pdna
entered wait for zone redirect
entered wait for set zone response - 2
entered wait for zone redirect
entered wait for set zone response - 2
Reading DNA file... phase_4/dna/storage.pdna
Reading DNA file... phase_3.5/dna/storage_interior.pdna
chooseFireOpenShot <function suitGroupThreeQuarterLeftBehindShot at 0x18A15770>
chooseFireOpenShot <function avatarCloseUpThreeQuarterLeftFireShot at 0x18A15E30>
Warning: NodePath.remove() is deprecated.  Use remove_node() instead.
chooseFireOpenShot <function avatarBehindShot at 0x18A159F0>
chooseFireOpenShot <function allGroupLowShot at 0x18A155F0>
Warning: NodePath.remove() is deprecated.  Use remove_node() instead.
chooseFireOpenShot <function avatarCloseUpThrowShot at 0x18A15870>
chooseFireOpenShot <function avatarCloseUpFireShot at 0x18A15DF0>
Warning: NodePath.remove() is deprecated.  Use remove_node() instead.
chooseFireOpenShot <function avatarBehindShot at 0x18A159F0>
chooseFireOpenShot <function avatarCloseUpThreeQuarterLeftFireShot at 0x18A15E30>
Warning: NodePath.remove() is deprecated.  Use remove_node() instead.
chooseFireOpenShot <function avatarBehindShot at 0x18A159F0>
chooseFireOpenShot <function allGroupLowShot at 0x18A155F0>
Warning: NodePath.remove() is deprecated.  Use remove_node() instead.
chooseFireOpenShot <function avatarBehindShot at 0x18A159F0>
chooseFireOpenShot <function avatarCloseUpThreeQuarterLeftFireShot at 0x18A15E30>
Warning: NodePath.remove() is deprecated.  Use remove_node() instead.
chooseFireOpenShot <function allGroupLowShot at 0x18A155F0>
chooseFireOpenShot <function avatarCloseUpThreeQuarterLeftFireShot at 0x18A15E30>
Warning: NodePath.remove() is deprecated.  Use remove_node() instead.
entered wait for zone redirect
entered wait for set zone response - 2
