TTLocalizer: Running in language: English
OTPLocalizer: Running in language: English
Preloading suits...
Preloading Toon heads...
Preloading avatars...
{401000001: <toontown.distributed.ToontownDistrict.ToontownDistrict instance at 0x233897D8>}
__handleAvatarChooserDone: 100000026, 'Miss Kitten', ('css', 'ms', 's', 'f', (0.3, 0.3, 0.35, 1.0), (1.0, 1.0, 1.0, 1.0), (0.3, 0.3, 0.35, 1.0), (0.3, 0.3, 0.35, 1.0), 15, 2, 11, 2, 5, 12), 1
entered wait for zone redirect
entered wait for set zone response - 2
Reading DNA file... phase_4/dna/storage.pdna
Reading DNA file... phase_3.5/dna/storage_interior.pdna
Reading DNA file... phase_4/dna/storage_TT.pdna
Reading DNA file... phase_4/dna/storage_TT_sz.pdna
Reading DNA file... phase_4/dna/toontown_central_sz.pdna
entered wait for zone redirect
entered wait for set zone response - 2
Reading DNA file... phase_4/dna/storage.pdna
Reading DNA file... phase_3.5/dna/storage_interior.pdna
entered wait for zone redirect
entered wait for set zone response - 2
entered wait for zone redirect
entered wait for set zone response - 2
chooseFireOpenShot <function allGroupLowShot at 0x1C8F4930>
chooseFireOpenShot <function suitGroupThreeQuarterLeftBehindShot at 0x1C8F4AB0>
Warning: NodePath.remove() is deprecated.  Use remove_node() instead.
chooseFireOpenShot <function avatarCloseUpThrowShot at 0x1C8F4BB0>
chooseFireOpenShot <function avatarCloseUpFireShot at 0x1C8F6170>
Warning: NodePath.remove() is deprecated.  Use remove_node() instead.
chooseFireOpenShot <function suitGroupThreeQuarterLeftBehindShot at 0x1C8F4AB0>
chooseFireOpenShot <function allGroupLowShot at 0x1C8F4930>
chooseFireOpenShot <function suitGroupThreeQuarterLeftBehindShot at 0x1C8F4AB0>
chooseFireOpenShot <function allGroupLowShot at 0x1C8F4930>
Warning: NodePath.remove() is deprecated.  Use remove_node() instead.
Warning: NodePath.remove() is deprecated.  Use remove_node() instead.
### newVec3 =  LVector3f(-2, 6.3, 1.5)
### newVec3 =  LVector3f(-2, 6.3, 0)
### newVec3 =  LVector3f(-2, 6.3, 0.375)
### newVec3 =  LVector3f(-2, 6.3, 0)
### newVec3 =  LVector3f(2, 6.3, 1.5)
### newVec3 =  LVector3f(2, 6.3, 0)
### newVec3 =  LVector3f(2, 6.3, 0.375)
### newVec3 =  LVector3f(2, 6.3, 0)
### newVec3 =  LVector3f(-2, 6.3, 1.5)
### newVec3 =  LVector3f(-2, 6.3, 0)
### newVec3 =  LVector3f(-2, 6.3, 0.375)
### newVec3 =  LVector3f(-2, 6.3, 0)
