TTLocalizer: Running in language: English
OTPLocalizer: Running in language: English
Preloading suits...
Preloading Toon heads...
Preloading avatars...
{401000001: <toontown.distributed.ToontownDistrict.ToontownDistrict instance at 0x20305B48>}
__handleAvatarChooserDone: 100000021, 'Master Cool Cat', ('css', 'ms', 's', 'm', (0.3, 0.3, 0.35, 1.0), (1.0, 1.0, 1.0, 1.0), (0.3, 0.3, 0.35, 1.0), (0.3, 0.3, 0.35, 1.0), 111, 27, 98, 27, 41, 27), 2
entered wait for zone redirect
entered wait for set zone response - 2
Reading DNA file... phase_4/dna/storage.pdna
Reading DNA file... phase_3.5/dna/storage_interior.pdna
entered wait for zone redirect
entered wait for set zone response - 2
Reading DNA file... phase_4/dna/storage.pdna
Reading DNA file... phase_3.5/dna/storage_interior.pdna
Reading DNA file... phase_8/dna/storage_BR.pdna
Reading DNA file... phase_8/dna/storage_BR_sz.pdna
Reading DNA file... phase_8/dna/the_burrrgh_sz.pdna
entered wait for zone redirect
entered wait for set zone response - 2
entered wait for zone redirect
entered wait for set zone response - 2
Reading DNA file... phase_4/dna/storage.pdna
Reading DNA file... phase_3.5/dna/storage_interior.pdna
entered wait for zone redirect
entered wait for set zone response - 2
spec = {'parentEntId': 110000, 'pos': LPoint3f(0, 0, 0)}
h = None
Pattern [2, 0, 1, 1, 5, 2, 6, 0, 6, 5] Place 0 Type 2
Pattern [2, 0, 1, 1, 5, 2, 6, 0, 6, 5] Place 1 Type 0
Pattern [2, 0, 1, 1, 5, 2, 6, 0, 6, 5] Place 2 Type 1
Pattern [2, 0, 1, 1, 5, 2, 6, 0, 6, 5] Place 3 Type 1
Pattern [2, 0, 1, 1, 5, 2, 6, 0, 6, 5] Place 4 Type 5
Pattern [2, 0, 1, 1, 5, 2, 6, 0, 6, 5] Place 5 Type 2
Pattern [2, 0, 1, 1, 5, 2, 6, 0, 6, 5] Place 6 Type 6
Pattern [2, 0, 1, 1, 5, 2, 6, 0, 6, 5] Place 7 Type 0
Pattern [2, 0, 1, 1, 5, 2, 6, 0, 6, 5] Place 8 Type 6
Pattern [2, 0, 1, 1, 5, 2, 6, 0, 6, 5] Place 9 Type 5
Pattern [2, 0, 1, 1, 5, 2, 6, 0, 6, 5] Place 0 Type 2
Pattern [2, 0, 1, 1, 5, 2, 6, 0, 6, 5] Place 1 Type 0
Pattern [2, 0, 1, 1, 5, 2, 6, 0, 6, 5] Place 2 Type 1
Pattern [2, 0, 1, 1, 5, 2, 6, 0, 6, 5] Place 3 Type 1
Pattern [2, 0, 1, 1, 5, 2, 6, 0, 6, 5] Place 4 Type 5
Pattern [2, 0, 1, 1, 5, 2, 6, 0, 6, 5] Place 5 Type 2
Pattern [2, 0, 1, 1, 5, 2, 6, 0, 6, 5] Place 6 Type 6
Pattern [2, 0, 1, 1, 5, 2, 6, 0, 6, 5] Place 7 Type 0
Pattern [2, 0, 1, 1, 5, 2, 6, 0, 6, 5] Place 8 Type 6
Pattern [2, 0, 1, 1, 5, 2, 6, 0, 6, 5] Place 9 Type 5
Pattern [2, 0, 1, 1, 5, 2, 6, 0, 6, 5] Place 0 Type 2
Pattern [2, 0, 1, 1, 5, 2, 6, 0, 6, 5] Place 1 Type 0
Pattern [2, 0, 1, 1, 5, 2, 6, 0, 6, 5] Place 2 Type 1
Pattern [2, 0, 1, 1, 5, 2, 6, 0, 6, 5] Place 3 Type 1
Pattern [5, 2, 5, 6, 6, 2] Place 0 Type 5
Pattern [5, 2, 5, 6, 6, 2] Place 1 Type 2
Pattern [5, 2, 5, 6, 6, 2] Place 2 Type 5
Pattern [5, 2, 5, 6, 6, 2] Place 3 Type 6
Pattern [5, 2, 5, 6, 6, 2] Place 4 Type 6
Pattern [5, 2, 5, 6, 6, 2] Place 5 Type 2
Pattern [5, 2, 5, 6, 6, 2] Place 0 Type 5
Pattern [5, 2, 5, 6, 6, 2] Place 1 Type 2
Pattern [5, 2, 5, 6, 6, 2] Place 2 Type 5
Pattern [5, 2, 5, 6, 6, 2] Place 3 Type 6
Pattern [5, 2, 5, 6, 6, 2] Place 4 Type 6
Pattern [0, 2, 1, 1, 6, 6, 0, 2] Place 0 Type 0
Pattern [0, 2, 1, 1, 6, 6, 0, 2] Place 1 Type 2
Pattern [0, 2, 1, 1, 6, 6, 0, 2] Place 2 Type 1
Pattern [0, 2, 1, 1, 6, 6, 0, 2] Place 3 Type 1
Pattern [0, 2, 1, 1, 6, 6, 0, 2] Place 4 Type 6
Pattern [0, 2, 1, 1, 6, 6, 0, 2] Place 5 Type 6
Pattern [0, 2, 1, 1, 6, 6, 0, 2] Place 6 Type 0
Pattern [0, 2, 1, 1, 6, 6, 0, 2] Place 7 Type 2
Pattern [0, 2, 1, 1, 6, 6, 0, 2] Place 0 Type 0
Pattern [0, 2, 1, 1, 6, 6, 0, 2] Place 1 Type 2
Pattern [0, 2, 1, 1, 6, 6, 0, 2] Place 2 Type 1
Pattern [0, 2, 1, 1, 6, 6, 0, 2] Place 3 Type 1
Pattern [0, 2, 1, 1, 6, 6, 0, 2] Place 4 Type 6
Pattern [0, 2, 1, 1, 6, 6, 0, 2] Place 5 Type 6
Pattern [0, 1, 6, 2, 0, 2, 1, 6] Place 0 Type 0
Pattern [0, 1, 6, 2, 0, 2, 1, 6] Place 1 Type 1
Pattern [0, 1, 6, 2, 0, 2, 1, 6] Place 2 Type 6
Pattern [0, 1, 6, 2, 0, 2, 1, 6] Place 3 Type 2
Pattern [0, 1, 6, 2, 0, 2, 1, 6] Place 4 Type 0
Pattern [0, 1, 6, 2, 0, 2, 1, 6] Place 5 Type 2
Pattern [0, 1, 6, 2, 0, 2, 1, 6] Place 6 Type 1
Pattern [0, 1, 6, 2, 0, 2, 1, 6] Place 7 Type 6
Pattern [0, 1, 6, 2, 0, 2, 1, 6] Place 0 Type 0
Pattern [0, 1, 6, 2, 0, 2, 1, 6] Place 1 Type 1
Pattern [0, 1, 6, 2, 0, 2, 1, 6] Place 2 Type 6
Pattern [0, 1, 6, 2, 0, 2, 1, 6] Place 3 Type 2
Pattern [0, 1, 6, 2, 0, 2, 1, 6] Place 4 Type 0
Pattern [0, 1, 6, 2, 0, 2, 1, 6] Place 5 Type 2
spec = {'parentEntId': 110400, 'pos': LPoint3f(0, 0, 0)}
h = None
chooseFireOpenShot <function allGroupLowShot at 0x1B6CC430>
chooseFireOpenShot <function avatarCloseUpThreeQuarterLeftFireShot at 0x1B6CCC70>
Warning: NodePath.remove() is deprecated.  Use remove_node() instead.
