TTLocalizer: Running in language: English
OTPLocalizer: Running in language: English
Preloading suits...
Preloading Toon heads...
Preloading avatars...
{401000001: <toontown.distributed.ToontownDistrict.ToontownDistrict instance at 0x212507D8>}
__handleAvatarChooserDone: 100000027, 'Master Cool Cat', ('csl', 'ms', 's', 'm', (0.26, 0.51, 0.62, 1.0), (1.0, 1.0, 1.0, 1.0), (0.26, 0.51, 0.62, 1.0), (0.26, 0.51, 0.62, 1.0), 19, 3, 13, 3, 7, 11), 1
entered wait for zone redirect
entered wait for set zone response - 2
Reading DNA file... phase_4/dna/storage.pdna
Reading DNA file... phase_3.5/dna/storage_interior.pdna
entered wait for zone redirect
entered wait for set zone response - 2
entered wait for zone redirect
entered wait for set zone response - 2
spec = {'parentEntId': 10047, 'pos': LPoint3f(0, 0, 0)}
h = None
spec = {'parentEntId': 10068, 'pos': LPoint3f(-20, -10, 0)}
h = None
spec = {'parentEntId': 10064, 'pos': LPoint3f(0, 0, 0)}
h = None
Exception occurred while processing Func-__handleFactoryRewardDone-3814 of movie-reward-track-with-cam-401004409:
movie-reward-track-with-cam-401004409:
  0.000 movie-reward-track-with-cam-401004409 {
  0.000   movie-reward-track-401004409 {
  0.000     Sequence-3160 {
  0.000       Parallel-3168 {
  0.000         Sequence-3162 {
  0.000           *Func-show-3733
  0.000           *Func-setOnscreenChatForced-3734
  0.000           *Func-_setupSkipListen-3735
  0.000           *Func-_teardownSkipListen-3806
  0.000           *Func-_setupSkipListen-3807
  0.000           Sequence-3165 {
  0.000             *Func-initGagFrame-3736
  0.000             Wait dur 1
  1.000             *Func-showTrackIncLabel-3737
  1.000             *Func-incrementExp-3738
  1.000             Wait dur 0.1
  1.100             *Func-incrementExp-3739
  1.100             Wait dur 0.1
  1.200             *Func-incrementExp-3740
  1.200             Wait dur 0.1
  1.300             *Func-incrementExp-3741
  1.300             Wait dur 0.1
  1.400             *Func-incrementExp-3742
  1.400             Wait dur 0.1
  1.500             *Func-incrementExp-3743
  1.500             Wait dur 0.1
  1.600             *Func-incrementExp-3744
  1.600             Wait dur 0.1
  1.700             *Func-incrementExp-3745
  1.700             Wait dur 0.1
  1.800             *Func-incrementExp-3746
  1.800             Wait dur 0.1
  1.900             *Func-incrementExp-3747
  1.900             Wait dur 0.1
  2.000             *Func-incrementExp-3748
  2.000             Wait dur 0.1
  2.100             *Func-incrementExp-3749
  2.100             Wait dur 0.1
  2.200             *Func-incrementExp-3750
  2.200             Wait dur 0.1
  2.300             *Func-incrementExp-3751
  2.300             Wait dur 0.1
  2.400             *Func-incrementExp-3752
  2.400             Wait dur 0.1
  2.500             *Func-incrementExp-3753
  2.500             Wait dur 0.1
  2.600             *Func-incrementExp-3754
  2.600             Wait dur 0.1
  2.700             *Func-incrementExp-3755
  2.700             Wait dur 0.1
  2.800             *Func-incrementExp-3756
  2.800             Wait dur 0.1
  2.900             *Func-incrementExp-3757
  2.900             Wait dur 0.1
  3.000             *Func-incrementExp-3758
  3.000             Wait dur 0.1
  3.100             *Func-incrementExp-3759
  3.100             Wait dur 0.1
  3.200             *Func-incrementExp-3760
  3.200             Wait dur 0.1
  3.300             *Func-incrementExp-3761
  3.300             Wait dur 0.1
  3.400             *Func-incrementExp-3762
  3.400             Wait dur 0.1
  3.500             *Func-incrementExp-3763
  3.500             Wait dur 0.1
  3.600             *Func-incrementExp-3764
  3.600             Wait dur 0.1
  3.700             *Func-incrementExp-3765
  3.700             Wait dur 0.1
  3.800             *Func-incrementExp-3766
  3.800             Wait dur 0.1
  3.900             *Func-incrementExp-3767
  3.900             Wait dur 0.1
  4.000             *Func-incrementExp-3768
  4.000             Wait dur 0.1
  4.100             *Func-incrementExp-3769
  4.100             Wait dur 0.1
  4.200             *Func-incrementExp-3770
  4.200             Wait dur 0.1
  4.300             *Func-incrementExp-3771
  4.300             Wait dur 0.1
  4.400             *Func-incrementExp-3772
  4.400             Wait dur 0.1
  4.500             *Func-incrementExp-3773
  4.500             Wait dur 0.1
  4.600             *Func-incrementExp-3774
  4.600             Wait dur 0.1
  4.700             *Func-incrementExp-3775
  4.700             Wait dur 0.1
  4.800             *Func-incrementExp-3776
  4.800             Wait dur 0.1
  4.900             *Func-incrementExp-3777
  4.900             Wait dur 0.1
  5.000             *Func-incrementExp-3778
  5.000             Wait dur 0.1
  5.100             *Func-incrementExp-3779
  5.100             Wait dur 0.1
  5.200             *Func-incrementExp-3780
  5.200             Wait dur 0.1
  5.300             *Func-incrementExp-3781
  5.300             Wait dur 0.1
  5.400             *Func-incrementExp-3782
  5.400             Wait dur 0.1
  5.500             *Func-incrementExp-3783
  5.500             Wait dur 0.1
  5.600             *Func-incrementExp-3784
  5.600             Wait dur 0.1
  5.700             *Func-incrementExp-3785
  5.700             Wait dur 0.1
  5.800             *Func-incrementExp-3786
  5.800             Wait dur 0.1
  5.900             *Func-incrementExp-3787
  5.900             Wait dur 0.1
  6.000             *Func-incrementExp-3788
  6.000             Wait dur 0.1
  6.100             *Func-incrementExp-3789
  6.100             Wait dur 0.1
  6.200             *Func-incrementExp-3790
  6.200             Wait dur 0.1
  6.300             *Func-incrementExp-3791
  6.300             Wait dur 0.1
  6.400             *Func-incrementExp-3792
  6.400             Wait dur 0.1
  6.500             *Func-incrementExp-3793
  6.500             Wait dur 0.1
  6.600             *Func-incrementExp-3794
  6.600             Wait dur 0.1
  6.700             *Func-incrementExp-3795
  6.700             Wait dur 0.1
  6.800             *Func-incrementExp-3796
  6.800             Wait dur 0.1
  6.900             *Func-incrementExp-3797
  6.900             Wait dur 0.1
  7.000             *Func-incrementExp-3798
  7.000             Wait dur 0.1
  7.100             *Func-incrementExp-3799
  7.100             Wait dur 0.1
  7.200             *Func-incrementExp-3800
  7.200             Wait dur 0.1
  7.300             *Func-incrementExp-3801
  7.300             Wait dur 0.1
  7.400             *Func-incrementExp-3802
  7.400             Wait dur 0.1
  7.500             *Func-resetBarColor-3803
  7.500             Wait dur 0.1
  7.600             Wait dur 1
  8.600             *Func-initCogPartFrame-3805
  8.600             Wait dur 1
  9.600             *Func-setProp-3804
  9.600             Wait dur 1
 10.600             Wait dur 1
 11.600             Wait dur 0.25
 11.850           }
 11.850           *Func-_teardownSkipListen-3810
 11.850           *Func-destroy-3811
 11.850           *Func-hide-3812
 11.850           *Func-setOnscreenChatForced-3813
 11.850           Sequence-3164 {
 11.850           }
 11.850         }
  0.000         *Sound-355 dur 11.85
 11.850       }
 11.850       *Func-__handleFactoryRewardDone-3814
 11.850     }
 11.850   }
  0.000   Sequence-3161 {
  0.000     Sequence-3163 {
  0.000       Sequence-3167 {
  0.000         *Func-chooseRewardShotNow-3809
  0.000         Wait dur 11.85
 11.850       }
 11.850     }
 11.850   }
 11.850 }

Traceback (most recent call last):
  File "C:\Panda3D-1.10.0\direct\showbase\Messenger.py", line 353, in __taskChainDispatch
    self.__dispatch(*eventTuple)
  File "C:\Panda3D-1.10.0\direct\showbase\Messenger.py", line 411, in __dispatch
    method (*(extraArgs + sentArgs))
  File "otp\distributed\OTPClientRepository.py", line 1103, in lostConnection
    self.loginFSM.request('noConnection')
  File "C:\Panda3D-1.10.0\direct\fsm\ClassicFSM.py", line 284, in request
    exitArgList)
  File "C:\Panda3D-1.10.0\direct\fsm\ClassicFSM.py", line 230, in __transition
    self.__exitCurrent(exitArgList)
  File "C:\Panda3D-1.10.0\direct\fsm\ClassicFSM.py", line 188, in __exitCurrent
    self.__currentState.exit(argList)
  File "C:\Panda3D-1.10.0\direct\fsm\State.py", line 209, in exit
    self.__exitChildren(argList)
  File "C:\Panda3D-1.10.0\direct\fsm\State.py", line 188, in __exitChildren
    fsm.request((fsm.getFinalState()).getName())
  File "C:\Panda3D-1.10.0\direct\fsm\ClassicFSM.py", line 284, in request
    exitArgList)
  File "C:\Panda3D-1.10.0\direct\fsm\ClassicFSM.py", line 231, in __transition
    self.__enter(aState, enterArgList)
  File "C:\Panda3D-1.10.0\direct\fsm\ClassicFSM.py", line 217, in __enter
    aState.enter(argList)
  File "C:\Panda3D-1.10.0\direct\fsm\State.py", line 202, in enter
    apply(self.__enterFunc, argList)
  File "toontown\distributed\ToontownClientRepository.py", line 437, in enterGameOff
    OTPClientRepository.OTPClientRepository.enterGameOff(self)
  File "otp\distributed\OTPClientRepository.py", line 804, in enterGameOff
    self._abandonShard()
  File "toontown\distributed\ToontownClientRepository.py", line 918, in _abandonShard
    self.deleteObject(doId)
  File "toontown\distributed\ToontownClientRepository.py", line 906, in deleteObject
    obj.deleteOrDelay()
  File "C:\Panda3D-1.10.0\direct\distributed\DistributedObject.py", line 199, in deleteOrDelay
    self.disableAnnounceAndDelete()
  File "C:\Panda3D-1.10.0\direct\distributed\DistributedObject.py", line 202, in disableAnnounceAndDelete
    self.disableAndAnnounce()
  File "C:\Panda3D-1.10.0\direct\distributed\DistributedObject.py", line 228, in disableAndAnnounce
    self.disable()
  File "toontown\coghq\DistributedLevelBattle.py", line 65, in disable
    DistributedBattle.DistributedBattle.disable(self)
  File "toontown\battle\DistributedBattle.py", line 34, in disable
    DistributedBattleBase.DistributedBattleBase.disable(self)
  File "toontown\battle\DistributedBattleBase.py", line 133, in disable
    self.cleanupBattle()
  File "toontown\battle\DistributedBattleBase.py", line 145, in cleanupBattle
    self.fsm.requestFinalState()
  File "C:\Panda3D-1.10.0\direct\fsm\ClassicFSM.py", line 151, in requestFinalState
    self.request(self.getFinalState().getName())
  File "C:\Panda3D-1.10.0\direct\fsm\ClassicFSM.py", line 302, in request
    exitArgList)
  File "C:\Panda3D-1.10.0\direct\fsm\ClassicFSM.py", line 230, in __transition
    self.__exitCurrent(exitArgList)
  File "C:\Panda3D-1.10.0\direct\fsm\ClassicFSM.py", line 188, in __exitCurrent
    self.__currentState.exit(argList)
  File "C:\Panda3D-1.10.0\direct\fsm\State.py", line 213, in exit
    apply(self.__exitFunc, argList)
  File "toontown\coghq\DistributedBattleFactory.py", line 47, in exitFactoryReward
    self.movie.resetReward(finish=1)
  File "toontown\battle\Movie.py", line 222, in resetReward
    self.stop()
  File "toontown\battle\Movie.py", line 366, in stop
    self.track.finish()
  File "C:\Panda3D-1.10.0\direct\interval\MetaInterval.py", line 391, in finish
    self.privPostEvent()
  File "C:\Panda3D-1.10.0\direct\interval\MetaInterval.py", line 519, in privPostEvent
    self.__doPythonCallbacks()
  File "C:\Panda3D-1.10.0\direct\interval\MetaInterval.py", line 495, in __doPythonCallbacks
    ival.privDoEvent(t, eventType)
  File "C:\Panda3D-1.10.0\direct\interval\Interval.py", line 206, in privDoEvent
    self.privInstant()
  File "C:\Panda3D-1.10.0\direct\interval\FunctionInterval.py", line 88, in privInstant
    self.function(*self.extraArgs, **self.kw)
  File "toontown\coghq\DistributedBattleFactory.py", line 43, in __handleFactoryRewardDone
    self.fsm.request('Resume')
  File "C:\Panda3D-1.10.0\direct\fsm\ClassicFSM.py", line 246, in request
    assert not self.__internalStateInFlux
AssertionError
Traceback (most recent call last):
  File "otp\otpbase\OTPBase.py", line 34, in run
    taskMgr.run()
  File "C:\Panda3D-1.10.0\direct\task\Task.py", line 508, in run
    self.step()
  File "C:\Panda3D-1.10.0\direct\task\Task.py", line 465, in step
    self.mgr.poll()
  File "C:\Panda3D-1.10.0\direct\showbase\Messenger.py", line 353, in __taskChainDispatch
    self.__dispatch(*eventTuple)
  File "C:\Panda3D-1.10.0\direct\showbase\Messenger.py", line 411, in __dispatch
    method (*(extraArgs + sentArgs))
  File "otp\distributed\OTPClientRepository.py", line 1103, in lostConnection
    self.loginFSM.request('noConnection')
  File "C:\Panda3D-1.10.0\direct\fsm\ClassicFSM.py", line 284, in request
    exitArgList)
  File "C:\Panda3D-1.10.0\direct\fsm\ClassicFSM.py", line 230, in __transition
    self.__exitCurrent(exitArgList)
  File "C:\Panda3D-1.10.0\direct\fsm\ClassicFSM.py", line 188, in __exitCurrent
    self.__currentState.exit(argList)
  File "C:\Panda3D-1.10.0\direct\fsm\State.py", line 209, in exit
    self.__exitChildren(argList)
  File "C:\Panda3D-1.10.0\direct\fsm\State.py", line 188, in __exitChildren
    fsm.request((fsm.getFinalState()).getName())
  File "C:\Panda3D-1.10.0\direct\fsm\ClassicFSM.py", line 284, in request
    exitArgList)
  File "C:\Panda3D-1.10.0\direct\fsm\ClassicFSM.py", line 231, in __transition
    self.__enter(aState, enterArgList)
  File "C:\Panda3D-1.10.0\direct\fsm\ClassicFSM.py", line 217, in __enter
    aState.enter(argList)
  File "C:\Panda3D-1.10.0\direct\fsm\State.py", line 202, in enter
    apply(self.__enterFunc, argList)
  File "toontown\distributed\ToontownClientRepository.py", line 437, in enterGameOff
    OTPClientRepository.OTPClientRepository.enterGameOff(self)
  File "otp\distributed\OTPClientRepository.py", line 804, in enterGameOff
    self._abandonShard()
  File "toontown\distributed\ToontownClientRepository.py", line 918, in _abandonShard
    self.deleteObject(doId)
  File "toontown\distributed\ToontownClientRepository.py", line 906, in deleteObject
    obj.deleteOrDelay()
  File "C:\Panda3D-1.10.0\direct\distributed\DistributedObject.py", line 199, in deleteOrDelay
    self.disableAnnounceAndDelete()
  File "C:\Panda3D-1.10.0\direct\distributed\DistributedObject.py", line 202, in disableAnnounceAndDelete
    self.disableAndAnnounce()
  File "C:\Panda3D-1.10.0\direct\distributed\DistributedObject.py", line 228, in disableAndAnnounce
    self.disable()
  File "toontown\coghq\DistributedLevelBattle.py", line 65, in disable
    DistributedBattle.DistributedBattle.disable(self)
  File "toontown\battle\DistributedBattle.py", line 34, in disable
    DistributedBattleBase.DistributedBattleBase.disable(self)
  File "toontown\battle\DistributedBattleBase.py", line 133, in disable
    self.cleanupBattle()
  File "toontown\battle\DistributedBattleBase.py", line 145, in cleanupBattle
    self.fsm.requestFinalState()
  File "C:\Panda3D-1.10.0\direct\fsm\ClassicFSM.py", line 151, in requestFinalState
    self.request(self.getFinalState().getName())
  File "C:\Panda3D-1.10.0\direct\fsm\ClassicFSM.py", line 302, in request
    exitArgList)
  File "C:\Panda3D-1.10.0\direct\fsm\ClassicFSM.py", line 230, in __transition
    self.__exitCurrent(exitArgList)
  File "C:\Panda3D-1.10.0\direct\fsm\ClassicFSM.py", line 188, in __exitCurrent
    self.__currentState.exit(argList)
  File "C:\Panda3D-1.10.0\direct\fsm\State.py", line 213, in exit
    apply(self.__exitFunc, argList)
  File "toontown\coghq\DistributedBattleFactory.py", line 47, in exitFactoryReward
    self.movie.resetReward(finish=1)
  File "toontown\battle\Movie.py", line 222, in resetReward
    self.stop()
  File "toontown\battle\Movie.py", line 366, in stop
    self.track.finish()
  File "C:\Panda3D-1.10.0\direct\interval\MetaInterval.py", line 391, in finish
    self.privPostEvent()
  File "C:\Panda3D-1.10.0\direct\interval\MetaInterval.py", line 519, in privPostEvent
    self.__doPythonCallbacks()
  File "C:\Panda3D-1.10.0\direct\interval\MetaInterval.py", line 495, in __doPythonCallbacks
    ival.privDoEvent(t, eventType)
  File "C:\Panda3D-1.10.0\direct\interval\Interval.py", line 206, in privDoEvent
    self.privInstant()
  File "C:\Panda3D-1.10.0\direct\interval\FunctionInterval.py", line 88, in privInstant
    self.function(*self.extraArgs, **self.kw)
  File "toontown\coghq\DistributedBattleFactory.py", line 43, in __handleFactoryRewardDone
    self.fsm.request('Resume')
  File "C:\Panda3D-1.10.0\direct\fsm\ClassicFSM.py", line 246, in request
    assert not self.__internalStateInFlux
AssertionError
