TTLocalizer: Running in language: English
OTPLocalizer: Running in language: English
Preloading suits...
Preloading Toon heads...
Preloading avatars...
{401000001: <toontown.distributed.ToontownDistrict.ToontownDistrict instance at 0x239D98A0>}
entered wait for zone redirect
entered wait for set zone response - 2
Reading DNA file... phase_4/dna/storage.pdna
Reading DNA file... phase_3.5/dna/storage_interior.pdna
Reading DNA file... phase_4/dna/storage_TT.pdna
Reading DNA file... phase_4/dna/storage_TT_sz.pdna
Reading DNA file... phase_4/dna/toontown_central_sz.pdna
entered wait for zone redirect
entered wait for set zone response - 2
Reading DNA file... phase_4/dna/storage.pdna
Reading DNA file... phase_3.5/dna/storage_interior.pdna
entered wait for zone redirect
entered wait for set zone response - 2
entered wait for zone redirect
entered wait for set zone response - 2
chooseFireOpenShot <function allGroupLowShot at 0x1F551930>
chooseFireOpenShot <function suitGroupThreeQuarterLeftBehindShot at 0x1F551AB0>
Warning: NodePath.remove() is deprecated.  Use remove_node() instead.
chooseFireOpenShot <function avatarCloseUpThrowShot at 0x1F551BB0>
chooseFireOpenShot <function avatarCloseUpFireShot at 0x1F553170>
Warning: NodePath.remove() is deprecated.  Use remove_node() instead.
chooseFireOpenShot <function avatarBehindShot at 0x1F551D30>
chooseFireOpenShot <function suitGroupThreeQuarterLeftBehindShot at 0x1F551AB0>
chooseFireOpenShot <function avatarBehindShot at 0x1F551D30>
chooseFireOpenShot <function avatarCloseUpThreeQuarterLeftFireShot at 0x1F5531B0>
Warning: NodePath.remove() is deprecated.  Use remove_node() instead.
Warning: NodePath.remove() is deprecated.  Use remove_node() instead.
### newVec3 =  LVector3f(-2, 6.3, 1.5)
### newVec3 =  LVector3f(-2, 6.3, 0)
### newVec3 =  LVector3f(-2, 6.3, 0.375)
### newVec3 =  LVector3f(-2, 6.3, 0)
### newVec3 =  LVector3f(2, 6.3, 1.5)
### newVec3 =  LVector3f(2, 6.3, 0)
### newVec3 =  LVector3f(2, 6.3, 0.375)
### newVec3 =  LVector3f(2, 6.3, 0)
### newVec3 =  LVector3f(-2, 6.3, 1.5)
### newVec3 =  LVector3f(-2, 6.3, 0)
### newVec3 =  LVector3f(-2, 6.3, 0.375)
### newVec3 =  LVector3f(-2, 6.3, 0)
